Learning Rate = 0.00014142

[GPU0] Epoch: 0 | Batch_SZ: 32 | Steps: 325 | T_loss: inf | V_loss: inf
Training snapshot saved at training_saves/two_nodes.pt

Current Train Time: 0.0 hours & 5.24 minutes

[GPU0] Epoch: 1 | Batch_SZ: 32 | Steps: 325 | T_loss: 2.973 | V_loss: 2.753
Training snapshot saved at training_saves/two_nodes.pt

Current Train Time: 0.0 hours & 10.61 minutes

[GPU0] Epoch: 2 | Batch_SZ: 32 | Steps: 325 | T_loss: 2.697 | V_loss: 2.334
Training snapshot saved at training_saves/two_nodes.pt

Current Train Time: 0.0 hours & 16.03 minutes

[GPU0] Epoch: 3 | Batch_SZ: 32 | Steps: 325 | T_loss: 2.277 | V_loss: 1.669
Training snapshot saved at training_saves/two_nodes.pt

Current Train Time: 0.0 hours & 21.44 minutes

[GPU0] Epoch: 4 | Batch_SZ: 32 | Steps: 325 | T_loss: 1.766 | V_loss: 1.098
Training snapshot saved at training_saves/two_nodes.pt

Current Train Time: 0.0 hours & 26.84 minutes

[GPU0] Epoch: 5 | Batch_SZ: 32 | Steps: 325 | T_loss: 1.399 | V_loss: 0.827
Training snapshot saved at training_saves/two_nodes.pt

Current Train Time: 0.0 hours & 32.26 minutes

[GPU0] Epoch: 6 | Batch_SZ: 32 | Steps: 325 | T_loss: 1.155 | V_loss: 0.681
Training snapshot saved at training_saves/two_nodes.pt

Current Train Time: 0.0 hours & 37.66 minutes

[GPU0] Epoch: 7 | Batch_SZ: 32 | Steps: 325 | T_loss: 1.022 | V_loss: 0.602
Training snapshot saved at training_saves/two_nodes.pt

Current Train Time: 0.0 hours & 43.11 minutes

[GPU0] Epoch: 8 | Batch_SZ: 32 | Steps: 325 | T_loss: 0.903 | V_loss: 0.551
Training snapshot saved at training_saves/two_nodes.pt

Current Train Time: 0.0 hours & 48.52 minutes

[GPU0] Epoch: 9 | Batch_SZ: 32 | Steps: 325 | T_loss: 0.807 | V_loss: 0.504
Training snapshot saved at training_saves/two_nodes.pt

Current Train Time: 0.0 hours & 53.96 minutes

[GPU0] Epoch: 10 | Batch_SZ: 32 | Steps: 325 | T_loss: 0.758 | V_loss: 0.483
Training snapshot saved at training_saves/two_nodes.pt

Current Train Time: 0.0 hours & 59.39 minutes

[GPU0] Epoch: 11 | Batch_SZ: 32 | Steps: 325 | T_loss: 0.721 | V_loss: 0.461
Training snapshot saved at training_saves/two_nodes.pt

Current Train Time: 1.0 hours & 4.81 minutes

[GPU0] Epoch: 12 | Batch_SZ: 32 | Steps: 325 | T_loss: 0.644 | V_loss: 0.447
Training snapshot saved at training_saves/two_nodes.pt

Current Train Time: 1.0 hours & 10.21 minutes

[GPU0] Epoch: 13 | Batch_SZ: 32 | Steps: 325 | T_loss: 0.619 | V_loss: 0.431
Training snapshot saved at training_saves/two_nodes.pt

Current Train Time: 1.0 hours & 15.63 minutes

[GPU0] Epoch: 14 | Batch_SZ: 32 | Steps: 325 | T_loss: 0.596 | V_loss: 0.420
Training snapshot saved at training_saves/two_nodes.pt

Current Train Time: 1.0 hours & 21.00 minutes

[GPU0] Epoch: 15 | Batch_SZ: 32 | Steps: 325 | T_loss: 0.595 | V_loss: 0.412
Training snapshot saved at training_saves/two_nodes.pt

Current Train Time: 1.0 hours & 26.36 minutes

[GPU0] Epoch: 16 | Batch_SZ: 32 | Steps: 325 | T_loss: 0.561 | V_loss: 0.403
Training snapshot saved at training_saves/two_nodes.pt

Current Train Time: 1.0 hours & 31.74 minutes

[GPU0] Epoch: 17 | Batch_SZ: 32 | Steps: 325 | T_loss: 0.547 | V_loss: 0.396
Training snapshot saved at training_saves/two_nodes.pt

Current Train Time: 1.0 hours & 37.13 minutes

[GPU0] Epoch: 18 | Batch_SZ: 32 | Steps: 325 | T_loss: 0.524 | V_loss: 0.389
Training snapshot saved at training_saves/two_nodes.pt

Current Train Time: 1.0 hours & 42.53 minutes

[GPU0] Epoch: 19 | Batch_SZ: 32 | Steps: 325 | T_loss: 0.515 | V_loss: 0.384
Training snapshot saved at training_saves/two_nodes.pt

Current Train Time: 1.0 hours & 47.95 minutes

[GPU0] Epoch: 20 | Batch_SZ: 32 | Steps: 325 | T_loss: 0.483 | V_loss: 0.379
Training snapshot saved at training_saves/two_nodes.pt

Current Train Time: 1.0 hours & 53.39 minutes

[GPU0] Epoch: 21 | Batch_SZ: 32 | Steps: 325 | T_loss: 0.483 | V_loss: 0.374
Training snapshot saved at training_saves/two_nodes.pt

Current Train Time: 1.0 hours & 58.80 minutes

[GPU0] Epoch: 22 | Batch_SZ: 32 | Steps: 325 | T_loss: 0.461 | V_loss: 0.369
Training snapshot saved at training_saves/two_nodes.pt

Current Train Time: 2.0 hours & 4.22 minutes
Training completed -> Total train time: 7453.21 seconds
