
[GPU0] Epoch: 0 | Batch_SZ: 32 | Steps: 650 | T_loss: inf | V_loss: inf
Training snapshot saved at training_saves/one_node.pt

Current Train Time: 0.0 hours & 9.25 minutes

[GPU0] Epoch: 1 | Batch_SZ: 32 | Steps: 650 | T_loss: 2.903 | V_loss: 2.591
Training snapshot saved at training_saves/one_node.pt

Current Train Time: 0.0 hours & 17.92 minutes

[GPU0] Epoch: 2 | Batch_SZ: 32 | Steps: 650 | T_loss: 2.425 | V_loss: 1.748
Training snapshot saved at training_saves/one_node.pt

Current Train Time: 0.0 hours & 26.59 minutes

[GPU0] Epoch: 3 | Batch_SZ: 32 | Steps: 650 | T_loss: 1.719 | V_loss: 0.980
Training snapshot saved at training_saves/one_node.pt

Current Train Time: 0.0 hours & 35.40 minutes

[GPU0] Epoch: 4 | Batch_SZ: 32 | Steps: 650 | T_loss: 1.241 | V_loss: 0.713
Training snapshot saved at training_saves/one_node.pt

Current Train Time: 0.0 hours & 44.04 minutes

[GPU0] Epoch: 5 | Batch_SZ: 32 | Steps: 650 | T_loss: 1.000 | V_loss: 0.589
Training snapshot saved at training_saves/one_node.pt

Current Train Time: 0.0 hours & 52.80 minutes

[GPU0] Epoch: 6 | Batch_SZ: 32 | Steps: 650 | T_loss: 0.869 | V_loss: 0.524
Training snapshot saved at training_saves/one_node.pt

Current Train Time: 1.0 hours & 1.59 minutes

[GPU0] Epoch: 7 | Batch_SZ: 32 | Steps: 650 | T_loss: 0.767 | V_loss: 0.482
Training snapshot saved at training_saves/one_node.pt

Current Train Time: 1.0 hours & 10.40 minutes

[GPU0] Epoch: 8 | Batch_SZ: 32 | Steps: 650 | T_loss: 0.691 | V_loss: 0.456
Training snapshot saved at training_saves/one_node.pt

Current Train Time: 1.0 hours & 19.14 minutes

[GPU0] Epoch: 9 | Batch_SZ: 32 | Steps: 650 | T_loss: 0.643 | V_loss: 0.435
Training snapshot saved at training_saves/one_node.pt

Current Train Time: 1.0 hours & 27.78 minutes

[GPU0] Epoch: 10 | Batch_SZ: 32 | Steps: 650 | T_loss: 0.603 | V_loss: 0.422
Training snapshot saved at training_saves/one_node.pt

Current Train Time: 1.0 hours & 36.55 minutes

[GPU0] Epoch: 11 | Batch_SZ: 32 | Steps: 650 | T_loss: 0.565 | V_loss: 0.408
Training snapshot saved at training_saves/one_node.pt

Current Train Time: 1.0 hours & 45.19 minutes

[GPU0] Epoch: 12 | Batch_SZ: 32 | Steps: 650 | T_loss: 0.539 | V_loss: 0.398
Training snapshot saved at training_saves/one_node.pt

Current Train Time: 1.0 hours & 53.98 minutes

[GPU0] Epoch: 13 | Batch_SZ: 32 | Steps: 650 | T_loss: 0.521 | V_loss: 0.388
Training snapshot saved at training_saves/one_node.pt

Current Train Time: 2.0 hours & 2.66 minutes
Training completed -> Total train time: 7359.77 seconds
