=============================================================================
       __|  __|_  )
       _|  (     /   Deep Learning AMI GPU PyTorch 1.13.0 (Ubuntu 20.04)
      ___|\___|___|
=============================================================================

Welcome to Ubuntu 20.04.5 LTS (GNU/Linux 5.15.0-1022-aws x86_64v)

* Please note that Amazon EC2 P2 Instance is not supported on current DLAMI.
* Supported EC2 instances: G3, P3, P3dn, P4d, G5, G4dn.
* To activate pre-built pytorch environment, run: 'source activate pytorch'
* To activate base conda environment upon login, run: 'conda config --set auto_activate_base true'
* NVIDIA driver version: 515.65.01
* CUDA version: 11.7 

AWS Deep Learning AMI Homepage: https://aws.amazon.com/machine-learning/amis/
Release Notes: https://docs.aws.amazon.com/dlami/latest/devguide/appendix-ami-release-notes.html
Support: https://forums.aws.amazon.com/forum.jspa?forumID=263
For a fully managed experience, check out Amazon SageMaker at https://aws.amazon.com/sagemaker
Security scan reports for python packages are located at: /opt/aws/dlami/info/
=============================================================================

 * Documentation:  https://help.ubuntu.com
 * Management:     https://landscape.canonical.com
 * Support:        https://ubuntu.com/advantage

  System information as of Mon Nov 28 07:24:39 UTC 2022

  System load:  0.0                Processes:                115
  Usage of /:   65.8% of 43.55GB   Users logged in:          0
  Memory usage: 28%                IPv4 address for docker0: 172.17.0.1
  Swap usage:   0%                 IPv4 address for eth0:    172.31.20.111


0 updates can be applied immediately.


The list of available updates is more than a week old.
To check for new updates run: sudo apt update
New release '22.04.1 LTS' available.
Run 'do-release-upgrade' to upgrade to it.


Last login: Mon Nov 28 07:13:10 2022 from 45.31.212.224
]0;ubuntu@ip-172-31-20-111: ~[01;32mubuntu@ip-172-31-20-111[00m:[01;34m~[00m$ exitexit
exitexit: command not found
]0;ubuntu@ip-172-31-20-111: ~[01;32mubuntu@ip-172-31-20-111[00m:[01;34m~[00m$ 